Jan-10 00:05:35.251 [main] DEBUG nextflow.cli.Launcher - $> nextflow run main.nf -c run_working_models.config -profile local,docker -resume
Jan-10 00:05:35.399 [main] INFO  nextflow.cli.CmdRun - N E X T F L O W  ~  version 25.10.2
Jan-10 00:05:35.425 [main] DEBUG nextflow.plugin.PluginsFacade - Setting up plugin manager > mode=prod; embedded=false; plugins-dir=/home/ubuntu/.nextflow/plugins; core-plugins: nf-amazon@3.4.2,nf-azure@1.20.2,nf-cloudcache@0.5.0,nf-codecommit@0.5.0,nf-console@1.3.0,nf-google@1.23.3,nf-k8s@1.2.2,nf-tower@1.17.3,nf-wave@1.16.1
Jan-10 00:05:35.465 [main] INFO  o.pf4j.DefaultPluginStatusProvider - Enabled plugins: []
Jan-10 00:05:35.466 [main] INFO  o.pf4j.DefaultPluginStatusProvider - Disabled plugins: []
Jan-10 00:05:35.470 [main] INFO  org.pf4j.DefaultPluginManager - PF4J version 3.12.0 in 'deployment' mode
Jan-10 00:05:35.488 [main] DEBUG nextflow.util.RetryConfig - Missing nextflow session - using default retry config
Jan-10 00:05:35.690 [main] INFO  org.pf4j.AbstractPluginManager - No plugins
Jan-10 00:05:35.728 [main] DEBUG nextflow.config.ConfigBuilder - Found config local: /home/ubuntu/plasmid_llm_analysis/nextflow.config
Jan-10 00:05:35.732 [main] DEBUG nextflow.config.ConfigBuilder - User config file: /home/ubuntu/plasmid_llm_analysis/run_working_models.config
Jan-10 00:05:35.734 [main] DEBUG nextflow.config.ConfigBuilder - Parsing config file: /home/ubuntu/plasmid_llm_analysis/nextflow.config
Jan-10 00:05:35.735 [main] DEBUG nextflow.config.ConfigBuilder - Parsing config file: /home/ubuntu/plasmid_llm_analysis/run_working_models.config
Jan-10 00:05:35.773 [main] DEBUG nextflow.config.ConfigBuilder - Applying config profile: `local,docker`
Jan-10 00:05:37.001 [main] DEBUG nextflow.config.ConfigBuilder - Applying config profile: `local,docker`
Jan-10 00:05:37.030 [main] DEBUG nextflow.config.ConfigBuilder - Available config profiles: [standard, test, singularity, aws, local, docker]
Jan-10 00:05:37.071 [main] DEBUG nextflow.plugin.PluginsFacade - Plugins default=[]
Jan-10 00:05:37.071 [main] DEBUG nextflow.plugin.PluginsFacade - Plugins resolved requirement=[]
Jan-10 00:05:37.102 [main] DEBUG n.secret.LocalSecretsProvider - Secrets store: /home/ubuntu/.nextflow/secrets/store.json
Jan-10 00:05:37.107 [main] DEBUG nextflow.secret.SecretsLoader - Discovered secrets providers: [nextflow.secret.LocalSecretsProvider@3b98b809] - activable => nextflow.secret.LocalSecretsProvider@3b98b809
Jan-10 00:05:37.123 [main] DEBUG nextflow.cli.CmdRun - Applied DSL=2 from script declaration
Jan-10 00:05:37.143 [main] INFO  nextflow.cli.CmdRun - Launching `main.nf` [admiring_stallman] DSL2 - revision: adf54427b8
Jan-10 00:05:37.207 [main] DEBUG nextflow.Session - Session UUID: ce9b50f2-01ba-42f6-b535-1e44ad545df0
Jan-10 00:05:37.208 [main] DEBUG nextflow.Session - Run name: admiring_stallman
Jan-10 00:05:37.209 [main] DEBUG nextflow.Session - Executor pool size: 16
Jan-10 00:05:37.222 [main] DEBUG nextflow.file.FilePorter - File porter settings maxRetries=3; maxTransfers=50; pollTimeout=null
Jan-10 00:05:37.229 [main] DEBUG nextflow.util.ThreadPoolBuilder - Creating thread pool 'FileTransfer' minSize=10; maxSize=48; workQueue=LinkedBlockingQueue[-1]; allowCoreThreadTimeout=false
Jan-10 00:05:37.262 [main] DEBUG nextflow.cli.CmdRun - 
  Version: 25.10.2 build 10555
  Created: 28-11-2025 19:24 UTC 
  System: Linux 6.14.0-1014-aws
  Runtime: Groovy 4.0.28 on OpenJDK 64-Bit Server VM 21.0.8+9-LTS
  Encoding: UTF-8 (UTF-8)
  Process: 2130271@ip-172-31-90-236 [172.31.90.236]
  CPUs: 16 - Mem: 60.5 GB (26.5 GB) - Swap: 0 (0)
Jan-10 00:05:37.301 [main] DEBUG nextflow.Session - Work-dir: /home/ubuntu/plasmid_llm_analysis/work [ext2/ext3]
Jan-10 00:05:37.335 [main] DEBUG nextflow.executor.ExecutorFactory - Extension executors providers=[]
Jan-10 00:05:37.345 [main] DEBUG nextflow.Session - Observer factory (v2): LinObserverFactory
Jan-10 00:05:37.348 [main] DEBUG nextflow.Session - Observer factory (v2): DefaultObserverFactory
Jan-10 00:05:37.406 [main] DEBUG nextflow.cache.CacheFactory - Using Nextflow cache factory: nextflow.cache.DefaultCacheFactory
Jan-10 00:05:37.418 [main] DEBUG nextflow.util.CustomThreadPool - Creating default thread pool > poolSize: 17; maxThreads: 1000
Jan-10 00:05:37.524 [main] DEBUG nextflow.Session - Session start
Jan-10 00:05:37.532 [main] DEBUG nextflow.trace.TraceFileObserver - Workflow started -- trace file: ./results/pipeline_info/trace_2026-01-10_00-05-36.txt
Jan-10 00:05:37.896 [main] DEBUG nextflow.script.ScriptRunner - > Launching execution
Jan-10 00:05:39.303 [main] INFO  nextflow.Nextflow - 
    ╔═══════════════════════════════════════════════════════════════╗
    ║           P L A S M I D   A N A L Y T I C S                   ║
    ║                                                               ║
    ║   Generation • Quality Control • Evaluation                   ║
    ╚═══════════════════════════════════════════════════════════════╝

    Mode        : full
    Output      : ./results
    
Jan-10 00:05:39.304 [main] INFO  nextflow.Nextflow - 
    Models      : UCL-CSSB/PlasmidGPT, McClain/PlasmidGPT-RL
    Prompts     : ATG, GFP_cassette
    Samples     : 50 per model/prompt
        
Jan-10 00:05:39.305 [main] INFO  nextflow.Nextflow - ───────────────────────────────────────────────────────────────
Jan-10 00:05:39.398 [main] DEBUG n.script.dsl.ProcessConfigBuilder - Config settings `withLabel:process_low` matches labels `process_low` for process with name GENERATE:PREPARE_PROMPTS
Jan-10 00:05:39.402 [main] DEBUG n.script.dsl.ProcessConfigBuilder - Config settings `withName:PREPARE_PROMPTS` matches process GENERATE:PREPARE_PROMPTS
Jan-10 00:05:39.413 [main] DEBUG nextflow.executor.ExecutorFactory - << taskConfig executor: local
Jan-10 00:05:39.414 [main] DEBUG nextflow.executor.ExecutorFactory - >> processorType: 'local'
Jan-10 00:05:39.427 [main] DEBUG nextflow.executor.Executor - [warm up] executor > local
Jan-10 00:05:39.440 [main] DEBUG n.processor.LocalPollingMonitor - Creating local task monitor for executor 'local' > cpus=16; memory=60.5 GB; capacity=16; pollInterval=100ms; dumpInterval=5m
Jan-10 00:05:39.443 [main] DEBUG n.processor.TaskPollingMonitor - >>> barrier register (monitor: local)
Jan-10 00:05:39.474 [main] DEBUG nextflow.processor.TaskProcessor - Creating process 'GENERATE:PREPARE_PROMPTS': maxForks=0; fair=false; array=0
Jan-10 00:05:39.528 [main] DEBUG n.script.dsl.ProcessConfigBuilder - Config settings `withLabel:process_gpu` matches labels `process_gpu` for process with name GENERATE:SAMPLE_MODEL
Jan-10 00:05:39.529 [main] DEBUG n.script.dsl.ProcessConfigBuilder - Config settings `withName:SAMPLE_MODEL` matches process GENERATE:SAMPLE_MODEL
Jan-10 00:05:39.534 [main] DEBUG nextflow.executor.ExecutorFactory - << taskConfig executor: local
Jan-10 00:05:39.535 [main] DEBUG nextflow.executor.ExecutorFactory - >> processorType: 'local'
Jan-10 00:05:39.536 [main] DEBUG nextflow.processor.TaskProcessor - Creating process 'GENERATE:SAMPLE_MODEL': maxForks=0; fair=false; array=0
Jan-10 00:05:39.559 [main] DEBUG n.script.dsl.ProcessConfigBuilder - Config settings `withLabel:process_low` matches labels `process_low` for process with name QC:PRODIGAL
Jan-10 00:05:39.561 [main] DEBUG n.script.dsl.ProcessConfigBuilder - Config settings `withName:PRODIGAL` matches process QC:PRODIGAL
Jan-10 00:05:39.562 [main] DEBUG n.script.dsl.ProcessConfigBuilder - Config settings `withName:PRODIGAL|MOB_TYPER|BLAST_ORI|MAKE_BLAST_DB|AMRFINDER|FIND_REPEATS|FILTER_QC|AGGREGATE_ORI|AGGREGATE_AMR|AGGREGATE_REPEATS|BLAST_SIMILARITY` matches process QC:PRODIGAL
Jan-10 00:05:39.567 [main] DEBUG nextflow.executor.ExecutorFactory - << taskConfig executor: local
Jan-10 00:05:39.567 [main] DEBUG nextflow.executor.ExecutorFactory - >> processorType: 'local'
Jan-10 00:05:39.568 [main] DEBUG nextflow.processor.TaskProcessor - Creating process 'QC:PRODIGAL': maxForks=0; fair=false; array=0
Jan-10 00:05:39.574 [main] DEBUG n.script.dsl.ProcessConfigBuilder - Config settings `withLabel:process_medium` matches labels `process_medium` for process with name QC:MOB_TYPER
Jan-10 00:05:39.575 [main] DEBUG n.script.dsl.ProcessConfigBuilder - Config settings `withName:MOB_TYPER` matches process QC:MOB_TYPER
Jan-10 00:05:39.576 [main] DEBUG n.script.dsl.ProcessConfigBuilder - Config settings `withName:PRODIGAL|MOB_TYPER|BLAST_ORI|MAKE_BLAST_DB|AMRFINDER|FIND_REPEATS|FILTER_QC|AGGREGATE_ORI|AGGREGATE_AMR|AGGREGATE_REPEATS|BLAST_SIMILARITY` matches process QC:MOB_TYPER
Jan-10 00:05:39.579 [main] DEBUG nextflow.executor.ExecutorFactory - << taskConfig executor: local
Jan-10 00:05:39.580 [main] DEBUG nextflow.executor.ExecutorFactory - >> processorType: 'local'
Jan-10 00:05:39.581 [main] DEBUG nextflow.processor.TaskProcessor - Creating process 'QC:MOB_TYPER': maxForks=0; fair=false; array=0
Jan-10 00:05:39.585 [main] DEBUG n.script.dsl.ProcessConfigBuilder - Config settings `withLabel:process_low` matches labels `process_low` for process with name QC:MAKE_BLAST_DB
Jan-10 00:05:39.587 [main] DEBUG n.script.dsl.ProcessConfigBuilder - Config settings `withName:PRODIGAL|MOB_TYPER|BLAST_ORI|MAKE_BLAST_DB|AMRFINDER|FIND_REPEATS|FILTER_QC|AGGREGATE_ORI|AGGREGATE_AMR|AGGREGATE_REPEATS|BLAST_SIMILARITY` matches process QC:MAKE_BLAST_DB
Jan-10 00:05:39.591 [main] DEBUG nextflow.executor.ExecutorFactory - << taskConfig executor: local
Jan-10 00:05:39.591 [main] DEBUG nextflow.executor.ExecutorFactory - >> processorType: 'local'
Jan-10 00:05:39.593 [main] DEBUG nextflow.processor.TaskProcessor - Creating process 'QC:MAKE_BLAST_DB': maxForks=0; fair=false; array=0
Jan-10 00:05:39.599 [main] DEBUG n.script.dsl.ProcessConfigBuilder - Config settings `withLabel:process_medium` matches labels `process_medium` for process with name QC:BLAST_ORI
Jan-10 00:05:39.601 [main] DEBUG n.script.dsl.ProcessConfigBuilder - Config settings `withName:BLAST_ORI` matches process QC:BLAST_ORI
Jan-10 00:05:39.603 [main] DEBUG n.script.dsl.ProcessConfigBuilder - Config settings `withName:PRODIGAL|MOB_TYPER|BLAST_ORI|MAKE_BLAST_DB|AMRFINDER|FIND_REPEATS|FILTER_QC|AGGREGATE_ORI|AGGREGATE_AMR|AGGREGATE_REPEATS|BLAST_SIMILARITY` matches process QC:BLAST_ORI
Jan-10 00:05:39.620 [main] DEBUG nextflow.executor.ExecutorFactory - << taskConfig executor: local
Jan-10 00:05:39.621 [main] DEBUG nextflow.executor.ExecutorFactory - >> processorType: 'local'
Jan-10 00:05:39.621 [main] DEBUG nextflow.processor.TaskProcessor - Creating process 'QC:BLAST_ORI': maxForks=0; fair=false; array=0
Jan-10 00:05:39.623 [main] DEBUG nextflow.processor.TaskProcessor - Creating *combiner* operator for each param(s) at index(es): [1]
Jan-10 00:05:39.632 [main] DEBUG n.script.dsl.ProcessConfigBuilder - Config settings `withLabel:process_medium` matches labels `process_medium` for process with name QC:AMRFINDER
Jan-10 00:05:39.633 [main] DEBUG n.script.dsl.ProcessConfigBuilder - Config settings `withName:AMRFINDER` matches process QC:AMRFINDER
Jan-10 00:05:39.636 [main] DEBUG n.script.dsl.ProcessConfigBuilder - Config settings `withName:PRODIGAL|MOB_TYPER|BLAST_ORI|MAKE_BLAST_DB|AMRFINDER|FIND_REPEATS|FILTER_QC|AGGREGATE_ORI|AGGREGATE_AMR|AGGREGATE_REPEATS|BLAST_SIMILARITY` matches process QC:AMRFINDER
Jan-10 00:05:39.638 [main] DEBUG nextflow.executor.ExecutorFactory - << taskConfig executor: local
Jan-10 00:05:39.638 [main] DEBUG nextflow.executor.ExecutorFactory - >> processorType: 'local'
Jan-10 00:05:39.639 [main] DEBUG nextflow.processor.TaskProcessor - Creating process 'QC:AMRFINDER': maxForks=0; fair=false; array=0
Jan-10 00:05:39.644 [main] DEBUG n.script.dsl.ProcessConfigBuilder - Config settings `withLabel:process_low` matches labels `process_low` for process with name QC:FIND_REPEATS
Jan-10 00:05:39.645 [main] DEBUG n.script.dsl.ProcessConfigBuilder - Config settings `withName:FIND_REPEATS` matches process QC:FIND_REPEATS
Jan-10 00:05:39.646 [main] DEBUG n.script.dsl.ProcessConfigBuilder - Config settings `withName:PRODIGAL|MOB_TYPER|BLAST_ORI|MAKE_BLAST_DB|AMRFINDER|FIND_REPEATS|FILTER_QC|AGGREGATE_ORI|AGGREGATE_AMR|AGGREGATE_REPEATS|BLAST_SIMILARITY` matches process QC:FIND_REPEATS
Jan-10 00:05:39.649 [main] DEBUG nextflow.executor.ExecutorFactory - << taskConfig executor: local
Jan-10 00:05:39.649 [main] DEBUG nextflow.executor.ExecutorFactory - >> processorType: 'local'
Jan-10 00:05:39.650 [main] DEBUG nextflow.processor.TaskProcessor - Creating process 'QC:FIND_REPEATS': maxForks=0; fair=false; array=0
Jan-10 00:05:39.671 [main] DEBUG n.script.dsl.ProcessConfigBuilder - Config settings `withLabel:process_low` matches labels `process_low` for process with name QC:AGGREGATE_ORI
Jan-10 00:05:39.675 [main] DEBUG n.script.dsl.ProcessConfigBuilder - Config settings `withName:PRODIGAL|MOB_TYPER|BLAST_ORI|MAKE_BLAST_DB|AMRFINDER|FIND_REPEATS|FILTER_QC|AGGREGATE_ORI|AGGREGATE_AMR|AGGREGATE_REPEATS|BLAST_SIMILARITY` matches process QC:AGGREGATE_ORI
Jan-10 00:05:39.680 [main] DEBUG nextflow.executor.ExecutorFactory - << taskConfig executor: local
Jan-10 00:05:39.680 [main] DEBUG nextflow.executor.ExecutorFactory - >> processorType: 'local'
Jan-10 00:05:39.681 [main] DEBUG nextflow.processor.TaskProcessor - Creating process 'QC:AGGREGATE_ORI': maxForks=0; fair=false; array=0
Jan-10 00:05:39.685 [main] DEBUG n.script.dsl.ProcessConfigBuilder - Config settings `withLabel:process_low` matches labels `process_low` for process with name QC:AGGREGATE_AMR
Jan-10 00:05:39.687 [main] DEBUG n.script.dsl.ProcessConfigBuilder - Config settings `withName:PRODIGAL|MOB_TYPER|BLAST_ORI|MAKE_BLAST_DB|AMRFINDER|FIND_REPEATS|FILTER_QC|AGGREGATE_ORI|AGGREGATE_AMR|AGGREGATE_REPEATS|BLAST_SIMILARITY` matches process QC:AGGREGATE_AMR
Jan-10 00:05:39.689 [main] DEBUG nextflow.executor.ExecutorFactory - << taskConfig executor: local
Jan-10 00:05:39.689 [main] DEBUG nextflow.executor.ExecutorFactory - >> processorType: 'local'
Jan-10 00:05:39.691 [main] DEBUG nextflow.processor.TaskProcessor - Creating process 'QC:AGGREGATE_AMR': maxForks=0; fair=false; array=0
Jan-10 00:05:39.695 [main] DEBUG n.script.dsl.ProcessConfigBuilder - Config settings `withLabel:process_low` matches labels `process_low` for process with name QC:AGGREGATE_REPEATS
Jan-10 00:05:39.696 [main] DEBUG n.script.dsl.ProcessConfigBuilder - Config settings `withName:PRODIGAL|MOB_TYPER|BLAST_ORI|MAKE_BLAST_DB|AMRFINDER|FIND_REPEATS|FILTER_QC|AGGREGATE_ORI|AGGREGATE_AMR|AGGREGATE_REPEATS|BLAST_SIMILARITY` matches process QC:AGGREGATE_REPEATS
Jan-10 00:05:39.698 [main] DEBUG nextflow.executor.ExecutorFactory - << taskConfig executor: local
Jan-10 00:05:39.698 [main] DEBUG nextflow.executor.ExecutorFactory - >> processorType: 'local'
Jan-10 00:05:39.700 [main] DEBUG nextflow.processor.TaskProcessor - Creating process 'QC:AGGREGATE_REPEATS': maxForks=0; fair=false; array=0
Jan-10 00:05:39.728 [main] DEBUG n.script.dsl.ProcessConfigBuilder - Config settings `withLabel:process_low` matches labels `process_low` for process with name QC:FILTER_QC
Jan-10 00:05:39.729 [main] DEBUG n.script.dsl.ProcessConfigBuilder - Config settings `withName:PRODIGAL|MOB_TYPER|BLAST_ORI|MAKE_BLAST_DB|AMRFINDER|FIND_REPEATS|FILTER_QC|AGGREGATE_ORI|AGGREGATE_AMR|AGGREGATE_REPEATS|BLAST_SIMILARITY` matches process QC:FILTER_QC
Jan-10 00:05:39.732 [main] DEBUG nextflow.executor.ExecutorFactory - << taskConfig executor: local
Jan-10 00:05:39.732 [main] DEBUG nextflow.executor.ExecutorFactory - >> processorType: 'local'
Jan-10 00:05:39.733 [main] DEBUG nextflow.processor.TaskProcessor - Creating process 'QC:FILTER_QC': maxForks=0; fair=false; array=0
Jan-10 00:05:39.746 [main] DEBUG n.script.dsl.ProcessConfigBuilder - Config settings `withLabel:process_low` matches labels `process_low` for process with name EVAL:COMPUTE_METRICS
Jan-10 00:05:39.748 [main] DEBUG n.script.dsl.ProcessConfigBuilder - Config settings `withName:COMPUTE_METRICS|KMER_DIVERGENCE|MFE_CIRCULAR|COMPARE_MODELS|AGGREGATE_METRICS` matches process EVAL:COMPUTE_METRICS
Jan-10 00:05:39.751 [main] DEBUG nextflow.executor.ExecutorFactory - << taskConfig executor: local
Jan-10 00:05:39.751 [main] DEBUG nextflow.executor.ExecutorFactory - >> processorType: 'local'
Jan-10 00:05:39.752 [main] DEBUG nextflow.processor.TaskProcessor - Creating process 'EVAL:COMPUTE_METRICS': maxForks=0; fair=false; array=0
Jan-10 00:05:39.758 [main] DEBUG n.script.dsl.ProcessConfigBuilder - Config settings `withLabel:process_low` matches labels `process_low` for process with name EVAL:KMER_DIVERGENCE
Jan-10 00:05:39.759 [main] DEBUG n.script.dsl.ProcessConfigBuilder - Config settings `withName:COMPUTE_METRICS|KMER_DIVERGENCE|MFE_CIRCULAR|COMPARE_MODELS|AGGREGATE_METRICS` matches process EVAL:KMER_DIVERGENCE
Jan-10 00:05:39.761 [main] DEBUG nextflow.executor.ExecutorFactory - << taskConfig executor: local
Jan-10 00:05:39.762 [main] DEBUG nextflow.executor.ExecutorFactory - >> processorType: 'local'
Jan-10 00:05:39.762 [main] DEBUG nextflow.processor.TaskProcessor - Creating process 'EVAL:KMER_DIVERGENCE': maxForks=0; fair=false; array=0
Jan-10 00:05:39.767 [main] DEBUG n.script.dsl.ProcessConfigBuilder - Config settings `withLabel:process_low` matches labels `process_low` for process with name EVAL:MFE_CIRCULAR
Jan-10 00:05:39.768 [main] DEBUG n.script.dsl.ProcessConfigBuilder - Config settings `withName:MFE_CIRCULAR` matches process EVAL:MFE_CIRCULAR
Jan-10 00:05:39.768 [main] DEBUG n.script.dsl.ProcessConfigBuilder - Config settings `withName:COMPUTE_METRICS|KMER_DIVERGENCE|MFE_CIRCULAR|COMPARE_MODELS|AGGREGATE_METRICS` matches process EVAL:MFE_CIRCULAR
Jan-10 00:05:39.771 [main] DEBUG nextflow.executor.ExecutorFactory - << taskConfig executor: local
Jan-10 00:05:39.771 [main] DEBUG nextflow.executor.ExecutorFactory - >> processorType: 'local'
Jan-10 00:05:39.772 [main] DEBUG nextflow.processor.TaskProcessor - Creating process 'EVAL:MFE_CIRCULAR': maxForks=0; fair=false; array=0
Jan-10 00:05:39.778 [main] DEBUG n.script.dsl.ProcessConfigBuilder - Config settings `withLabel:process_medium` matches labels `process_medium` for process with name EVAL:BLAST_SIMILARITY
Jan-10 00:05:39.779 [main] DEBUG n.script.dsl.ProcessConfigBuilder - Config settings `withName:PRODIGAL|MOB_TYPER|BLAST_ORI|MAKE_BLAST_DB|AMRFINDER|FIND_REPEATS|FILTER_QC|AGGREGATE_ORI|AGGREGATE_AMR|AGGREGATE_REPEATS|BLAST_SIMILARITY` matches process EVAL:BLAST_SIMILARITY
Jan-10 00:05:39.782 [main] DEBUG nextflow.executor.ExecutorFactory - << taskConfig executor: local
Jan-10 00:05:39.782 [main] DEBUG nextflow.executor.ExecutorFactory - >> processorType: 'local'
Jan-10 00:05:39.783 [main] DEBUG nextflow.processor.TaskProcessor - Creating process 'EVAL:BLAST_SIMILARITY': maxForks=0; fair=false; array=0
Jan-10 00:05:39.791 [main] DEBUG n.script.dsl.ProcessConfigBuilder - Config settings `withLabel:process_low` matches labels `process_low` for process with name EVAL:AGGREGATE_METRICS
Jan-10 00:05:39.793 [main] DEBUG n.script.dsl.ProcessConfigBuilder - Config settings `withName:COMPUTE_METRICS|KMER_DIVERGENCE|MFE_CIRCULAR|COMPARE_MODELS|AGGREGATE_METRICS` matches process EVAL:AGGREGATE_METRICS
Jan-10 00:05:39.795 [main] DEBUG nextflow.executor.ExecutorFactory - << taskConfig executor: local
Jan-10 00:05:39.796 [main] DEBUG nextflow.executor.ExecutorFactory - >> processorType: 'local'
Jan-10 00:05:39.797 [main] DEBUG nextflow.processor.TaskProcessor - Creating process 'EVAL:AGGREGATE_METRICS': maxForks=0; fair=false; array=0
Jan-10 00:05:39.801 [main] DEBUG n.script.dsl.ProcessConfigBuilder - Config settings `withLabel:process_low` matches labels `process_low` for process with name EVAL:COMPARE_MODELS
Jan-10 00:05:39.802 [main] DEBUG n.script.dsl.ProcessConfigBuilder - Config settings `withName:COMPUTE_METRICS|KMER_DIVERGENCE|MFE_CIRCULAR|COMPARE_MODELS|AGGREGATE_METRICS` matches process EVAL:COMPARE_MODELS
Jan-10 00:05:39.805 [main] DEBUG nextflow.executor.ExecutorFactory - << taskConfig executor: local
Jan-10 00:05:39.805 [main] DEBUG nextflow.executor.ExecutorFactory - >> processorType: 'local'
Jan-10 00:05:39.806 [main] DEBUG nextflow.processor.TaskProcessor - Creating process 'EVAL:COMPARE_MODELS': maxForks=0; fair=false; array=0
Jan-10 00:05:39.815 [main] DEBUG nextflow.Session - Workflow process names [dsl2]: AGGREGATE_ORI, AGGREGATE_METRICS, QC:AGGREGATE_ORI, EVAL:COMPARE_MODELS, QC:AGGREGATE_REPEATS, QC:AMRFINDER, EVAL:AGGREGATE_METRICS, QC:FILTER_QC, COMPARE_MODELS, QC:MOB_TYPER, EVAL:MFE_CIRCULAR, QC:MAKE_BLAST_DB, AGGREGATE_AMR, GENERATE:SAMPLE_MODEL, COMPUTE_METRICS, QC:BLAST_ORI, EVAL:COMPUTE_METRICS, QC:AGGREGATE_AMR, EVAL:KMER_DIVERGENCE, KMER_DIVERGENCE, MOB_TYPER, QC:PRODIGAL, GENERATE:PREPARE_PROMPTS, PRODIGAL, QC:FIND_REPEATS, EVAL:BLAST_SIMILARITY, PREPARE_PROMPTS, MFE_CIRCULAR, MAKE_BLAST_DB, FILTER_QC, BLAST_SIMILARITY, AGGREGATE_REPEATS, AMRFINDER, SAMPLE_MODEL, BLAST_ORI, FIND_REPEATS
Jan-10 00:05:39.825 [main] DEBUG nextflow.Session - Igniting dataflow network (26)
Jan-10 00:05:39.833 [main] DEBUG nextflow.processor.TaskProcessor - Starting process > GENERATE:PREPARE_PROMPTS
Jan-10 00:05:39.834 [main] DEBUG nextflow.processor.TaskProcessor - Starting process > GENERATE:SAMPLE_MODEL
Jan-10 00:05:39.834 [main] DEBUG nextflow.processor.TaskProcessor - Starting process > QC:PRODIGAL
Jan-10 00:05:39.834 [main] DEBUG nextflow.processor.TaskProcessor - Starting process > QC:MOB_TYPER
Jan-10 00:05:39.834 [main] DEBUG nextflow.processor.TaskProcessor - Starting process > QC:MAKE_BLAST_DB
Jan-10 00:05:39.834 [main] DEBUG nextflow.processor.TaskProcessor - Starting process > QC:BLAST_ORI
Jan-10 00:05:39.835 [main] DEBUG nextflow.processor.TaskProcessor - Starting process > QC:BLAST_ORI
Jan-10 00:05:39.836 [main] DEBUG nextflow.processor.TaskProcessor - Starting process > QC:AMRFINDER
Jan-10 00:05:39.837 [main] DEBUG nextflow.processor.TaskProcessor - Starting process > QC:FIND_REPEATS
Jan-10 00:05:39.837 [main] DEBUG nextflow.processor.TaskProcessor - Starting process > QC:AGGREGATE_ORI
Jan-10 00:05:39.837 [main] DEBUG nextflow.processor.TaskProcessor - Starting process > QC:AGGREGATE_AMR
Jan-10 00:05:39.837 [main] DEBUG nextflow.processor.TaskProcessor - Starting process > QC:AGGREGATE_REPEATS
Jan-10 00:05:39.837 [main] DEBUG nextflow.processor.TaskProcessor - Starting process > QC:FILTER_QC
Jan-10 00:05:39.837 [main] DEBUG nextflow.processor.TaskProcessor - Starting process > EVAL:COMPUTE_METRICS
Jan-10 00:05:39.837 [main] DEBUG nextflow.processor.TaskProcessor - Starting process > EVAL:KMER_DIVERGENCE
Jan-10 00:05:39.839 [main] DEBUG nextflow.processor.TaskProcessor - Starting process > EVAL:MFE_CIRCULAR
Jan-10 00:05:39.839 [main] DEBUG nextflow.processor.TaskProcessor - Starting process > EVAL:BLAST_SIMILARITY
Jan-10 00:05:39.839 [main] DEBUG nextflow.processor.TaskProcessor - Starting process > EVAL:AGGREGATE_METRICS
Jan-10 00:05:39.839 [main] DEBUG nextflow.processor.TaskProcessor - Starting process > EVAL:COMPARE_MODELS
Jan-10 00:05:39.840 [main] DEBUG nextflow.script.ScriptRunner - Parsed script files:
  Script_5040b5fde9a7a202: /home/ubuntu/plasmid_llm_analysis/workflows/eval.nf
  Script_804401fed548fe6e: /home/ubuntu/plasmid_llm_analysis/modules/qc/mob_typer.nf
  Script_3982e988f3a05306: /home/ubuntu/plasmid_llm_analysis/workflows/qc.nf
  Script_c18765522ba5b60b: /home/ubuntu/plasmid_llm_analysis/main.nf
  Script_16ce4688ca7455c8: /home/ubuntu/plasmid_llm_analysis/modules/qc/filter.nf
  Script_c3c08078e2b1126b: /home/ubuntu/plasmid_llm_analysis/modules/generate/sample_model.nf
  Script_cb45aeb9fc96e70e: /home/ubuntu/plasmid_llm_analysis/modules/qc/blast_ori.nf
  Script_a7e884244f566af3: /home/ubuntu/plasmid_llm_analysis/modules/qc/amrfinder.nf
  Script_0cbcad079809e5dd: /home/ubuntu/plasmid_llm_analysis/modules/qc/repeats.nf
  Script_628181a7117962e3: /home/ubuntu/plasmid_llm_analysis/modules/qc/prodigal.nf
  Script_f8c91c1c73a4ad27: /home/ubuntu/plasmid_llm_analysis/workflows/generate.nf
  Script_f793df79edea8561: /home/ubuntu/plasmid_llm_analysis/modules/eval/metrics.nf
  Script_7369518df8be6855: /home/ubuntu/plasmid_llm_analysis/modules/eval/compare.nf
  Script_5dd8f6e0c2ac9368: /home/ubuntu/plasmid_llm_analysis/modules/eval/similarity.nf
Jan-10 00:05:39.840 [main] DEBUG nextflow.script.ScriptRunner - > Awaiting termination 
Jan-10 00:05:39.840 [main] DEBUG nextflow.Session - Session await
Jan-10 00:05:39.939 [Actor Thread 11] INFO  nextflow.processor.TaskProcessor - [skipping] Stored process > QC:MAKE_BLAST_DB (1)
Jan-10 00:05:40.147 [Task submitter] DEBUG n.executor.local.LocalTaskHandler - Launch cmd line: /bin/bash -ue .command.run
Jan-10 00:05:40.150 [Task submitter] INFO  nextflow.Session - [86/be52a1] Submitted process > GENERATE:PREPARE_PROMPTS (GFP_cassette)
Jan-10 00:05:40.167 [Task submitter] DEBUG n.executor.local.LocalTaskHandler - Launch cmd line: /bin/bash -ue .command.run
Jan-10 00:05:40.169 [Task submitter] INFO  nextflow.Session - [dc/a3376f] Submitted process > GENERATE:PREPARE_PROMPTS (ATG)
Jan-10 00:05:40.799 [Task monitor] DEBUG n.processor.TaskPollingMonitor - Task completed > TaskHandler[id: 3; name: GENERATE:PREPARE_PROMPTS (GFP_cassette); status: COMPLETED; exit: 0; error: -; workDir: /home/ubuntu/plasmid_llm_analysis/work/86/be52a10b401b8f84f4e9b71c75da41]
Jan-10 00:05:40.800 [Task monitor] DEBUG nextflow.util.ThreadPoolBuilder - Creating thread pool 'TaskFinalizer' minSize=10; maxSize=48; workQueue=LinkedBlockingQueue[-1]; allowCoreThreadTimeout=false
Jan-10 00:05:40.802 [Task monitor] DEBUG n.processor.TaskPollingMonitor - Task completed > TaskHandler[id: 1; name: GENERATE:PREPARE_PROMPTS (ATG); status: COMPLETED; exit: 0; error: -; workDir: /home/ubuntu/plasmid_llm_analysis/work/dc/a3376fcd0dbe000a3975c4b4e6b508]
Jan-10 00:05:40.883 [Task submitter] DEBUG n.executor.local.LocalTaskHandler - Launch cmd line: /bin/bash -ue .command.run
Jan-10 00:05:40.883 [Task submitter] INFO  nextflow.Session - [68/27478b] Submitted process > GENERATE:SAMPLE_MODEL (UCL_CSSB_PlasmidGPT_GFP_cassette)
Jan-10 00:05:40.893 [Task submitter] DEBUG n.executor.local.LocalTaskHandler - Launch cmd line: /bin/bash -ue .command.run
Jan-10 00:05:40.895 [Task submitter] INFO  nextflow.Session - [8d/938457] Submitted process > GENERATE:SAMPLE_MODEL (McClain_PlasmidGPT_RL_GFP_cassette)
Jan-10 00:05:40.908 [Task submitter] DEBUG n.executor.local.LocalTaskHandler - Launch cmd line: /bin/bash -ue .command.run
Jan-10 00:05:40.909 [Task submitter] INFO  nextflow.Session - [1a/480a8e] Submitted process > GENERATE:SAMPLE_MODEL (McClain_PlasmidGPT_RL_ATG)
Jan-10 00:06:11.860 [Task monitor] DEBUG n.processor.TaskPollingMonitor - Task completed > TaskHandler[id: 5; name: GENERATE:SAMPLE_MODEL (McClain_PlasmidGPT_RL_GFP_cassette); status: COMPLETED; exit: 0; error: -; workDir: /home/ubuntu/plasmid_llm_analysis/work/8d/938457079261633fee0a745a16661c]
Jan-10 00:06:11.869 [Task submitter] DEBUG n.executor.local.LocalTaskHandler - Launch cmd line: /bin/bash -ue .command.run
Jan-10 00:06:11.869 [Task submitter] INFO  nextflow.Session - [cc/2b3528] Submitted process > GENERATE:SAMPLE_MODEL (UCL_CSSB_PlasmidGPT_ATG)
Jan-10 00:06:11.881 [TaskFinalizer-3] DEBUG nextflow.util.ThreadPoolBuilder - Creating thread pool 'PublishDir' minSize=10; maxSize=48; workQueue=LinkedBlockingQueue[-1]; allowCoreThreadTimeout=false
Jan-10 00:06:11.892 [Task submitter] DEBUG n.executor.local.LocalTaskHandler - Launch cmd line: /bin/bash -ue .command.run
Jan-10 00:06:11.893 [Task submitter] INFO  nextflow.Session - [f5/be49ff] Submitted process > EVAL:COMPUTE_METRICS (McClain_PlasmidGPT_RL_GFP_cassette)
Jan-10 00:06:11.917 [Task submitter] DEBUG n.executor.local.LocalTaskHandler - Launch cmd line: /bin/bash -ue .command.run
Jan-10 00:06:11.922 [Task submitter] INFO  nextflow.Session - [95/f8e7b1] Submitted process > EVAL:KMER_DIVERGENCE (McClain_PlasmidGPT_RL_GFP_cassette)
Jan-10 00:06:13.526 [Task monitor] DEBUG n.processor.TaskPollingMonitor - Task completed > TaskHandler[id: 7; name: GENERATE:SAMPLE_MODEL (McClain_PlasmidGPT_RL_ATG); status: COMPLETED; exit: 0; error: -; workDir: /home/ubuntu/plasmid_llm_analysis/work/1a/480a8e6fdc01306a24603e7bf6beaf]
Jan-10 00:06:13.534 [Task submitter] DEBUG n.executor.local.LocalTaskHandler - Launch cmd line: /bin/bash -ue .command.run
Jan-10 00:06:13.543 [Task submitter] INFO  nextflow.Session - [64/42151c] Submitted process > QC:AMRFINDER (McClain_PlasmidGPT_RL_GFP_cassette)
Jan-10 00:06:14.057 [Task monitor] DEBUG n.processor.TaskPollingMonitor - Task completed > TaskHandler[id: 4; name: GENERATE:SAMPLE_MODEL (UCL_CSSB_PlasmidGPT_GFP_cassette); status: COMPLETED; exit: 0; error: -; workDir: /home/ubuntu/plasmid_llm_analysis/work/68/27478b58c0ab5a72f04cbe6676f1bc]
Jan-10 00:06:14.067 [Task submitter] DEBUG n.executor.local.LocalTaskHandler - Launch cmd line: /bin/bash -ue .command.run
Jan-10 00:06:14.068 [Task submitter] INFO  nextflow.Session - [a6/571b63] Submitted process > QC:PRODIGAL (McClain_PlasmidGPT_RL_GFP_cassette)
Jan-10 00:06:14.089 [Task submitter] DEBUG n.executor.local.LocalTaskHandler - Launch cmd line: /bin/bash -ue .command.run
Jan-10 00:06:14.090 [Task submitter] INFO  nextflow.Session - [0b/539b2b] Submitted process > EVAL:MFE_CIRCULAR (McClain_PlasmidGPT_RL_GFP_cassette)
Jan-10 00:06:14.202 [Task monitor] DEBUG n.processor.TaskPollingMonitor - Task completed > TaskHandler[id: 9; name: EVAL:KMER_DIVERGENCE (McClain_PlasmidGPT_RL_GFP_cassette); status: COMPLETED; exit: 0; error: -; workDir: /home/ubuntu/plasmid_llm_analysis/work/95/f8e7b1077bc9c0ea908f5003a7731a]
Jan-10 00:06:14.212 [Task submitter] DEBUG n.executor.local.LocalTaskHandler - Launch cmd line: /bin/bash -ue .command.run
Jan-10 00:06:14.215 [Task submitter] INFO  nextflow.Session - [0c/9bdf58] Submitted process > QC:FIND_REPEATS (McClain_PlasmidGPT_RL_GFP_cassette)
Jan-10 00:06:14.458 [Task monitor] DEBUG n.processor.TaskPollingMonitor - Task completed > TaskHandler[id: 11; name: EVAL:COMPUTE_METRICS (McClain_PlasmidGPT_RL_GFP_cassette); status: COMPLETED; exit: 0; error: -; workDir: /home/ubuntu/plasmid_llm_analysis/work/f5/be49ff8db216f0d6f67ee2582ad253]
Jan-10 00:06:14.471 [Task submitter] DEBUG n.executor.local.LocalTaskHandler - Launch cmd line: /bin/bash -ue .command.run
Jan-10 00:06:14.472 [Task submitter] INFO  nextflow.Session - [ae/2844f2] Submitted process > EVAL:COMPUTE_METRICS (McClain_PlasmidGPT_RL_ATG)
Jan-10 00:06:16.670 [Task monitor] DEBUG n.processor.TaskPollingMonitor - Task completed > TaskHandler[id: 13; name: QC:PRODIGAL (McClain_PlasmidGPT_RL_GFP_cassette); status: COMPLETED; exit: 0; error: -; workDir: /home/ubuntu/plasmid_llm_analysis/work/a6/571b63cafa616fa0db92eb3889e713]
Jan-10 00:06:16.686 [Task submitter] DEBUG n.executor.local.LocalTaskHandler - Launch cmd line: /bin/bash -ue .command.run
Jan-10 00:06:16.687 [Task submitter] INFO  nextflow.Session - [0a/f526d0] Submitted process > QC:FIND_REPEATS (McClain_PlasmidGPT_RL_ATG)
Jan-10 00:06:17.301 [Task monitor] DEBUG n.processor.TaskPollingMonitor - Task completed > TaskHandler[id: 17; name: EVAL:COMPUTE_METRICS (McClain_PlasmidGPT_RL_ATG); status: COMPLETED; exit: 0; error: -; workDir: /home/ubuntu/plasmid_llm_analysis/work/ae/2844f2dc5da2fe2f5f5d4d256840c1]
Jan-10 00:06:17.321 [Task submitter] DEBUG n.executor.local.LocalTaskHandler - Launch cmd line: /bin/bash -ue .command.run
Jan-10 00:06:17.322 [Task submitter] INFO  nextflow.Session - [f2/8d88fe] Submitted process > EVAL:MFE_CIRCULAR (McClain_PlasmidGPT_RL_ATG)
Jan-10 00:06:20.099 [Task monitor] DEBUG n.processor.TaskPollingMonitor - Task completed > TaskHandler[id: 6; name: GENERATE:SAMPLE_MODEL (UCL_CSSB_PlasmidGPT_ATG); status: COMPLETED; exit: 0; error: -; workDir: /home/ubuntu/plasmid_llm_analysis/work/cc/2b352894c87e337aca9385f98a67a6]
Jan-10 00:06:20.116 [Task submitter] DEBUG n.executor.local.LocalTaskHandler - Launch cmd line: /bin/bash -ue .command.run
Jan-10 00:06:20.118 [Task submitter] INFO  nextflow.Session - [23/de9467] Submitted process > QC:MOB_TYPER (McClain_PlasmidGPT_RL_GFP_cassette)
Jan-10 00:06:29.738 [Task monitor] DEBUG n.processor.TaskPollingMonitor - Task completed > TaskHandler[id: 12; name: QC:AMRFINDER (McClain_PlasmidGPT_RL_GFP_cassette); status: COMPLETED; exit: 0; error: -; workDir: /home/ubuntu/plasmid_llm_analysis/work/64/42151c380897e2bc0e62aa1223fb25]
Jan-10 00:06:29.761 [Task submitter] DEBUG n.executor.local.LocalTaskHandler - Launch cmd line: /bin/bash -ue .command.run
Jan-10 00:06:29.761 [Task submitter] INFO  nextflow.Session - [44/d947f1] Submitted process > QC:BLAST_ORI (McClain_PlasmidGPT_RL_GFP_cassette)
Jan-10 00:06:33.195 [Task monitor] DEBUG n.processor.TaskPollingMonitor - Task completed > TaskHandler[id: 15; name: QC:FIND_REPEATS (McClain_PlasmidGPT_RL_GFP_cassette); status: COMPLETED; exit: 0; error: -; workDir: /home/ubuntu/plasmid_llm_analysis/work/0c/9bdf58aa2eb0932d0e0089edceac1d]
Jan-10 00:06:33.209 [Task submitter] DEBUG n.executor.local.LocalTaskHandler - Launch cmd line: /bin/bash -ue .command.run
Jan-10 00:06:33.211 [Task submitter] INFO  nextflow.Session - [2f/55854c] Submitted process > QC:PRODIGAL (McClain_PlasmidGPT_RL_ATG)
Jan-10 00:06:33.590 [Task monitor] DEBUG n.processor.TaskPollingMonitor - Task completed > TaskHandler[id: 22; name: QC:FIND_REPEATS (McClain_PlasmidGPT_RL_ATG); status: COMPLETED; exit: 0; error: -; workDir: /home/ubuntu/plasmid_llm_analysis/work/0a/f526d033d8249290c86e9cd6207dfa]
Jan-10 00:06:33.600 [Task submitter] DEBUG n.executor.local.LocalTaskHandler - Launch cmd line: /bin/bash -ue .command.run
Jan-10 00:06:33.600 [Task submitter] INFO  nextflow.Session - [f6/d1762f] Submitted process > EVAL:COMPUTE_METRICS (UCL_CSSB_PlasmidGPT_GFP_cassette)
Jan-10 00:06:34.100 [Task monitor] DEBUG n.processor.TaskPollingMonitor - Task completed > TaskHandler[id: 16; name: QC:BLAST_ORI (McClain_PlasmidGPT_RL_GFP_cassette); status: COMPLETED; exit: 0; error: -; workDir: /home/ubuntu/plasmid_llm_analysis/work/44/d947f124415694241429d88b67cbc0]
Jan-10 00:06:34.136 [Task submitter] DEBUG n.executor.local.LocalTaskHandler - Launch cmd line: /bin/bash -ue .command.run
Jan-10 00:06:34.137 [Task submitter] INFO  nextflow.Session - [61/ee1cdf] Submitted process > QC:BLAST_ORI (McClain_PlasmidGPT_RL_ATG)
Jan-10 00:06:35.174 [Task monitor] DEBUG n.processor.TaskPollingMonitor - Task completed > TaskHandler[id: 20; name: QC:PRODIGAL (McClain_PlasmidGPT_RL_ATG); status: COMPLETED; exit: 0; error: -; workDir: /home/ubuntu/plasmid_llm_analysis/work/2f/55854c8b8aa9d9783c33ddadaa6eda]
Jan-10 00:06:35.183 [Task submitter] DEBUG n.executor.local.LocalTaskHandler - Launch cmd line: /bin/bash -ue .command.run
Jan-10 00:06:35.184 [Task submitter] INFO  nextflow.Session - [c4/23dbaf] Submitted process > QC:FIND_REPEATS (UCL_CSSB_PlasmidGPT_GFP_cassette)
Jan-10 00:06:36.297 [Task monitor] DEBUG n.processor.TaskPollingMonitor - Task completed > TaskHandler[id: 25; name: EVAL:COMPUTE_METRICS (UCL_CSSB_PlasmidGPT_GFP_cassette); status: COMPLETED; exit: 0; error: -; workDir: /home/ubuntu/plasmid_llm_analysis/work/f6/d1762ff47903af0e74843e7d020753]
Jan-10 00:06:36.303 [Task submitter] DEBUG n.executor.local.LocalTaskHandler - Launch cmd line: /bin/bash -ue .command.run
Jan-10 00:06:36.304 [Task submitter] INFO  nextflow.Session - [59/b98173] Submitted process > EVAL:MFE_CIRCULAR (UCL_CSSB_PlasmidGPT_GFP_cassette)
Jan-10 00:06:36.497 [Task monitor] DEBUG n.processor.TaskPollingMonitor - Task completed > TaskHandler[id: 14; name: QC:MOB_TYPER (McClain_PlasmidGPT_RL_GFP_cassette); status: COMPLETED; exit: 0; error: -; workDir: /home/ubuntu/plasmid_llm_analysis/work/23/de946727a68c7b7474daf8117c914d]
Jan-10 00:06:36.500 [TaskFinalizer-7] DEBUG n.processor.TaskFileCollector - Process `QC:MOB_TYPER (McClain_PlasmidGPT_RL_GFP_cassette)` is unable to find [UnixPath]: `/home/ubuntu/plasmid_llm_analysis/work/23/de946727a68c7b7474daf8117c914d/McClain_PlasmidGPT_RL_GFP_cassette_mobtyper_contig_report.txt` (pattern: `McClain_PlasmidGPT_RL_GFP_cassette_mobtyper_contig_report.txt`)
Jan-10 00:06:36.506 [Task submitter] DEBUG n.executor.local.LocalTaskHandler - Launch cmd line: /bin/bash -ue .command.run
Jan-10 00:06:36.506 [Task submitter] INFO  nextflow.Session - [c4/317a70] Submitted process > QC:MOB_TYPER (McClain_PlasmidGPT_RL_ATG)
Jan-10 00:06:36.638 [TaskFinalizer-7] DEBUG nextflow.processor.TaskProcessor - Process QC:MOB_TYPER > Skipping output binding because one or more optional files are missing: fileoutparam<1:1>
Jan-10 00:06:38.116 [Task monitor] DEBUG n.processor.TaskPollingMonitor - Task completed > TaskHandler[id: 21; name: QC:BLAST_ORI (McClain_PlasmidGPT_RL_ATG); status: COMPLETED; exit: 0; error: -; workDir: /home/ubuntu/plasmid_llm_analysis/work/61/ee1cdf6a6128ba2aa90dab7e75d4fb]
Jan-10 00:06:38.126 [Task submitter] DEBUG n.executor.local.LocalTaskHandler - Launch cmd line: /bin/bash -ue .command.run
Jan-10 00:06:38.126 [Task submitter] INFO  nextflow.Session - [01/36dca8] Submitted process > QC:AMRFINDER (McClain_PlasmidGPT_RL_ATG)
Jan-10 00:06:51.326 [Task monitor] DEBUG n.processor.TaskPollingMonitor - Task completed > TaskHandler[id: 29; name: QC:FIND_REPEATS (UCL_CSSB_PlasmidGPT_GFP_cassette); status: COMPLETED; exit: 0; error: -; workDir: /home/ubuntu/plasmid_llm_analysis/work/c4/23dbafb66b879992dbcce569dab3d3]
Jan-10 00:06:51.333 [Task submitter] DEBUG n.executor.local.LocalTaskHandler - Launch cmd line: /bin/bash -ue .command.run
Jan-10 00:06:51.334 [Task submitter] INFO  nextflow.Session - [82/e2351e] Submitted process > QC:PRODIGAL (UCL_CSSB_PlasmidGPT_GFP_cassette)
Jan-10 00:06:52.883 [Task monitor] DEBUG n.processor.TaskPollingMonitor - Task completed > TaskHandler[id: 26; name: QC:PRODIGAL (UCL_CSSB_PlasmidGPT_GFP_cassette); status: COMPLETED; exit: 0; error: -; workDir: /home/ubuntu/plasmid_llm_analysis/work/82/e2351e9a8d055a60d558e8e27a8f06]
Jan-10 00:06:52.888 [Task submitter] DEBUG n.executor.local.LocalTaskHandler - Launch cmd line: /bin/bash -ue .command.run
Jan-10 00:06:52.889 [Task submitter] INFO  nextflow.Session - [5d/42e21a] Submitted process > EVAL:COMPUTE_METRICS (UCL_CSSB_PlasmidGPT_ATG)
Jan-10 00:06:54.307 [Task monitor] DEBUG n.processor.TaskPollingMonitor - Task completed > TaskHandler[id: 23; name: QC:AMRFINDER (McClain_PlasmidGPT_RL_ATG); status: COMPLETED; exit: 0; error: -; workDir: /home/ubuntu/plasmid_llm_analysis/work/01/36dca8046e081dd5f53812726916a7]
Jan-10 00:06:54.312 [Task submitter] DEBUG n.executor.local.LocalTaskHandler - Launch cmd line: /bin/bash -ue .command.run
Jan-10 00:06:54.313 [Task submitter] INFO  nextflow.Session - [6a/77c7ed] Submitted process > QC:MOB_TYPER (UCL_CSSB_PlasmidGPT_GFP_cassette)
Jan-10 00:06:54.402 [Task monitor] DEBUG n.processor.TaskPollingMonitor - Task completed > TaskHandler[id: 19; name: QC:MOB_TYPER (McClain_PlasmidGPT_RL_ATG); status: COMPLETED; exit: 0; error: -; workDir: /home/ubuntu/plasmid_llm_analysis/work/c4/317a70449929bc602700fbd1b92630]
Jan-10 00:06:54.405 [TaskFinalizer-1] DEBUG n.processor.TaskFileCollector - Process `QC:MOB_TYPER (McClain_PlasmidGPT_RL_ATG)` is unable to find [UnixPath]: `/home/ubuntu/plasmid_llm_analysis/work/c4/317a70449929bc602700fbd1b92630/McClain_PlasmidGPT_RL_ATG_mobtyper_contig_report.txt` (pattern: `McClain_PlasmidGPT_RL_ATG_mobtyper_contig_report.txt`)
Jan-10 00:06:54.407 [TaskFinalizer-1] DEBUG nextflow.processor.TaskProcessor - Process QC:MOB_TYPER > Skipping output binding because one or more optional files are missing: fileoutparam<1:1>
Jan-10 00:06:54.409 [Task submitter] DEBUG n.executor.local.LocalTaskHandler - Launch cmd line: /bin/bash -ue .command.run
Jan-10 00:06:54.409 [Task submitter] INFO  nextflow.Session - [b0/bed640] Submitted process > QC:BLAST_ORI (UCL_CSSB_PlasmidGPT_GFP_cassette)
Jan-10 00:06:55.033 [Task monitor] DEBUG n.processor.TaskPollingMonitor - Task completed > TaskHandler[id: 31; name: EVAL:COMPUTE_METRICS (UCL_CSSB_PlasmidGPT_ATG); status: COMPLETED; exit: 0; error: -; workDir: /home/ubuntu/plasmid_llm_analysis/work/5d/42e21a9743616d79404111d254b30c]
Jan-10 00:06:55.047 [Task submitter] DEBUG n.executor.local.LocalTaskHandler - Launch cmd line: /bin/bash -ue .command.run
Jan-10 00:06:55.049 [Task submitter] INFO  nextflow.Session - [a9/b79620] Submitted process > QC:PRODIGAL (UCL_CSSB_PlasmidGPT_ATG)
Jan-10 00:06:55.797 [Task monitor] DEBUG n.processor.TaskPollingMonitor - Task completed > TaskHandler[id: 34; name: QC:PRODIGAL (UCL_CSSB_PlasmidGPT_ATG); status: COMPLETED; exit: 0; error: -; workDir: /home/ubuntu/plasmid_llm_analysis/work/a9/b796204b5fedad3380a389f02d14c2]
Jan-10 00:06:55.806 [Task submitter] DEBUG n.executor.local.LocalTaskHandler - Launch cmd line: /bin/bash -ue .command.run
Jan-10 00:06:55.811 [Task submitter] INFO  nextflow.Session - [6c/6f0fde] Submitted process > QC:FIND_REPEATS (UCL_CSSB_PlasmidGPT_ATG)
Jan-10 00:06:58.034 [Task monitor] DEBUG n.processor.TaskPollingMonitor - Task completed > TaskHandler[id: 36; name: QC:FIND_REPEATS (UCL_CSSB_PlasmidGPT_ATG); status: COMPLETED; exit: 0; error: -; workDir: /home/ubuntu/plasmid_llm_analysis/work/6c/6f0fded72d48fd5be2e8ca379cd1ca]
Jan-10 00:06:58.042 [Task submitter] DEBUG n.executor.local.LocalTaskHandler - Launch cmd line: /bin/bash -ue .command.run
Jan-10 00:06:58.043 [Task submitter] INFO  nextflow.Session - [b6/0e1a04] Submitted process > EVAL:MFE_CIRCULAR (UCL_CSSB_PlasmidGPT_ATG)
Jan-10 00:06:58.558 [Task monitor] DEBUG n.processor.TaskPollingMonitor - Task completed > TaskHandler[id: 30; name: QC:BLAST_ORI (UCL_CSSB_PlasmidGPT_GFP_cassette); status: COMPLETED; exit: 0; error: -; workDir: /home/ubuntu/plasmid_llm_analysis/work/b0/bed640722f8e66764302d2b9cea17b]
Jan-10 00:06:58.565 [Task submitter] DEBUG n.executor.local.LocalTaskHandler - Launch cmd line: /bin/bash -ue .command.run
Jan-10 00:06:58.566 [Task submitter] INFO  nextflow.Session - [ae/94de95] Submitted process > QC:AMRFINDER (UCL_CSSB_PlasmidGPT_GFP_cassette)
Jan-10 00:07:00.580 [Task monitor] DEBUG n.processor.TaskPollingMonitor - Task completed > TaskHandler[id: 32; name: EVAL:MFE_CIRCULAR (UCL_CSSB_PlasmidGPT_ATG); status: COMPLETED; exit: 0; error: -; workDir: /home/ubuntu/plasmid_llm_analysis/work/b6/0e1a04c048dcad802f9bf0690a92d2]
Jan-10 00:07:00.598 [Task submitter] DEBUG n.executor.local.LocalTaskHandler - Launch cmd line: /bin/bash -ue .command.run
Jan-10 00:07:00.599 [Task submitter] INFO  nextflow.Session - [4b/2f891a] Submitted process > EVAL:AGGREGATE_METRICS
Jan-10 00:07:02.058 [Task monitor] DEBUG n.processor.TaskPollingMonitor - Task completed > TaskHandler[id: 38; name: EVAL:AGGREGATE_METRICS; status: COMPLETED; exit: 0; error: -; workDir: /home/ubuntu/plasmid_llm_analysis/work/4b/2f891a35b6289322142949dd9fd052]
Jan-10 00:07:02.085 [Task submitter] DEBUG n.executor.local.LocalTaskHandler - Launch cmd line: /bin/bash -ue .command.run
Jan-10 00:07:02.086 [Task submitter] INFO  nextflow.Session - [77/ae46a1] Submitted process > QC:AGGREGATE_REPEATS
Jan-10 00:07:03.992 [Task monitor] DEBUG n.processor.TaskPollingMonitor - Task completed > TaskHandler[id: 39; name: QC:AGGREGATE_REPEATS; status: COMPLETED; exit: 0; error: -; workDir: /home/ubuntu/plasmid_llm_analysis/work/77/ae46a153c2497281ea0bc17cfe4bc9]
Jan-10 00:07:11.307 [Task monitor] DEBUG n.processor.TaskPollingMonitor - Task completed > TaskHandler[id: 28; name: QC:MOB_TYPER (UCL_CSSB_PlasmidGPT_GFP_cassette); status: COMPLETED; exit: 0; error: -; workDir: /home/ubuntu/plasmid_llm_analysis/work/6a/77c7ed1bb9abe1747f88dc8223e61c]
Jan-10 00:07:11.309 [TaskFinalizer-10] DEBUG n.processor.TaskFileCollector - Process `QC:MOB_TYPER (UCL_CSSB_PlasmidGPT_GFP_cassette)` is unable to find [UnixPath]: `/home/ubuntu/plasmid_llm_analysis/work/6a/77c7ed1bb9abe1747f88dc8223e61c/UCL_CSSB_PlasmidGPT_GFP_cassette_mobtyper_contig_report.txt` (pattern: `UCL_CSSB_PlasmidGPT_GFP_cassette_mobtyper_contig_report.txt`)
Jan-10 00:07:11.310 [TaskFinalizer-10] DEBUG nextflow.processor.TaskProcessor - Process QC:MOB_TYPER > Skipping output binding because one or more optional files are missing: fileoutparam<1:1>
Jan-10 00:07:11.313 [Task submitter] DEBUG n.executor.local.LocalTaskHandler - Launch cmd line: /bin/bash -ue .command.run
Jan-10 00:07:11.313 [Task submitter] INFO  nextflow.Session - [d4/4ebba8] Submitted process > QC:BLAST_ORI (UCL_CSSB_PlasmidGPT_ATG)
Jan-10 00:07:11.376 [Task monitor] DEBUG n.processor.TaskPollingMonitor - Task completed > TaskHandler[id: 27; name: QC:AMRFINDER (UCL_CSSB_PlasmidGPT_GFP_cassette); status: COMPLETED; exit: 0; error: -; workDir: /home/ubuntu/plasmid_llm_analysis/work/ae/94de95ab10dd9e3b065d44b3abb245]
Jan-10 00:07:11.384 [Task submitter] DEBUG n.executor.local.LocalTaskHandler - Launch cmd line: /bin/bash -ue .command.run
Jan-10 00:07:11.384 [Task submitter] INFO  nextflow.Session - [95/1aca92] Submitted process > QC:MOB_TYPER (UCL_CSSB_PlasmidGPT_ATG)
Jan-10 00:07:13.132 [Task monitor] DEBUG n.processor.TaskPollingMonitor - Task completed > TaskHandler[id: 37; name: QC:BLAST_ORI (UCL_CSSB_PlasmidGPT_ATG); status: COMPLETED; exit: 0; error: -; workDir: /home/ubuntu/plasmid_llm_analysis/work/d4/4ebba8e28e221cea8650d4bf2c0332]
Jan-10 00:07:13.138 [Task submitter] DEBUG n.executor.local.LocalTaskHandler - Launch cmd line: /bin/bash -ue .command.run
Jan-10 00:07:13.138 [Task submitter] INFO  nextflow.Session - [a0/ed4301] Submitted process > QC:AMRFINDER (UCL_CSSB_PlasmidGPT_ATG)
Jan-10 00:07:13.158 [Task submitter] DEBUG n.executor.local.LocalTaskHandler - Launch cmd line: /bin/bash -ue .command.run
Jan-10 00:07:13.160 [Task submitter] INFO  nextflow.Session - [1e/f0ec75] Submitted process > QC:AGGREGATE_ORI
Jan-10 00:07:14.147 [Task monitor] DEBUG n.processor.TaskPollingMonitor - Task completed > TaskHandler[id: 35; name: QC:AMRFINDER (UCL_CSSB_PlasmidGPT_ATG); status: COMPLETED; exit: 0; error: -; workDir: /home/ubuntu/plasmid_llm_analysis/work/a0/ed4301f903dac0e1f7756763af3d2f]
Jan-10 00:07:14.187 [Task submitter] DEBUG n.executor.local.LocalTaskHandler - Launch cmd line: /bin/bash -ue .command.run
Jan-10 00:07:14.188 [Task submitter] INFO  nextflow.Session - [55/9ad186] Submitted process > QC:AGGREGATE_AMR
Jan-10 00:07:14.551 [Task monitor] DEBUG n.processor.TaskPollingMonitor - Task completed > TaskHandler[id: 40; name: QC:AGGREGATE_ORI; status: COMPLETED; exit: 0; error: -; workDir: /home/ubuntu/plasmid_llm_analysis/work/1e/f0ec75fe46280e38224f9b61e8a25e]
Jan-10 00:07:15.710 [Task monitor] DEBUG n.processor.TaskPollingMonitor - Task completed > TaskHandler[id: 41; name: QC:AGGREGATE_AMR; status: COMPLETED; exit: 0; error: -; workDir: /home/ubuntu/plasmid_llm_analysis/work/55/9ad1862d535b70bd0aceb141225c8d]
Jan-10 00:07:15.796 [Task submitter] DEBUG n.executor.local.LocalTaskHandler - Launch cmd line: /bin/bash -ue .command.run
Jan-10 00:07:15.797 [Task submitter] INFO  nextflow.Session - [8e/aad478] Submitted process > QC:FILTER_QC
Jan-10 00:07:17.874 [Task monitor] DEBUG n.processor.TaskPollingMonitor - Task completed > TaskHandler[id: 42; name: QC:FILTER_QC; status: COMPLETED; exit: 0; error: -; workDir: /home/ubuntu/plasmid_llm_analysis/work/8e/aad4786544d10e2708e20db457e699]
Jan-10 00:07:17.890 [Task submitter] DEBUG n.executor.local.LocalTaskHandler - Launch cmd line: /bin/bash -ue .command.run
Jan-10 00:07:17.890 [Task submitter] INFO  nextflow.Session - [a6/182846] Submitted process > EVAL:COMPARE_MODELS
Jan-10 00:07:19.980 [Task monitor] DEBUG n.processor.TaskPollingMonitor - Task completed > TaskHandler[id: 43; name: EVAL:COMPARE_MODELS; status: COMPLETED; exit: 0; error: -; workDir: /home/ubuntu/plasmid_llm_analysis/work/a6/182846600971c5058439bdd5f8f067]
Jan-10 00:07:19.982 [TaskFinalizer-7] DEBUG n.processor.TaskFileCollector - Process `EVAL:COMPARE_MODELS` is unable to find [UnixPath]: `/home/ubuntu/plasmid_llm_analysis/work/a6/182846600971c5058439bdd5f8f067/pairwise_tests.csv` (pattern: `pairwise_tests.csv`)
Jan-10 00:07:19.985 [TaskFinalizer-7] DEBUG nextflow.processor.TaskProcessor - Process EVAL:COMPARE_MODELS > Skipping output binding because one or more optional files are missing: fileoutparam<2>
Jan-10 00:07:22.140 [Task monitor] DEBUG n.processor.TaskPollingMonitor - Task completed > TaskHandler[id: 33; name: QC:MOB_TYPER (UCL_CSSB_PlasmidGPT_ATG); status: COMPLETED; exit: 0; error: -; workDir: /home/ubuntu/plasmid_llm_analysis/work/95/1aca927ebb6ba563ad30b28c91acab]
Jan-10 00:07:22.142 [TaskFinalizer-8] DEBUG n.processor.TaskFileCollector - Process `QC:MOB_TYPER (UCL_CSSB_PlasmidGPT_ATG)` is unable to find [UnixPath]: `/home/ubuntu/plasmid_llm_analysis/work/95/1aca927ebb6ba563ad30b28c91acab/UCL_CSSB_PlasmidGPT_ATG_mobtyper_contig_report.txt` (pattern: `UCL_CSSB_PlasmidGPT_ATG_mobtyper_contig_report.txt`)
Jan-10 00:07:22.144 [TaskFinalizer-8] DEBUG nextflow.processor.TaskProcessor - Process QC:MOB_TYPER > Skipping output binding because one or more optional files are missing: fileoutparam<1:1>
Jan-10 00:10:39.629 [Task monitor] DEBUG n.processor.TaskPollingMonitor - !! executor local > tasks to be completed: 3 -- submitted tasks are shown below
~> TaskHandler[id: 8; name: EVAL:MFE_CIRCULAR (McClain_PlasmidGPT_RL_GFP_cassette); status: RUNNING; exit: -; error: -; workDir: /home/ubuntu/plasmid_llm_analysis/work/0b/539b2bd0dbcba0acfb9d3a611d8926]
~> TaskHandler[id: 18; name: EVAL:MFE_CIRCULAR (McClain_PlasmidGPT_RL_ATG); status: RUNNING; exit: -; error: -; workDir: /home/ubuntu/plasmid_llm_analysis/work/f2/8d88fe3a84c9528322771a24cf9d7d]
~> TaskHandler[id: 24; name: EVAL:MFE_CIRCULAR (UCL_CSSB_PlasmidGPT_GFP_cassette); status: RUNNING; exit: -; error: -; workDir: /home/ubuntu/plasmid_llm_analysis/work/59/b98173e78f98b535b74769479ac3ca]
Jan-10 00:15:39.638 [Task monitor] DEBUG n.processor.TaskPollingMonitor - !! executor local > tasks to be completed: 3 -- submitted tasks are shown below
~> TaskHandler[id: 8; name: EVAL:MFE_CIRCULAR (McClain_PlasmidGPT_RL_GFP_cassette); status: RUNNING; exit: -; error: -; workDir: /home/ubuntu/plasmid_llm_analysis/work/0b/539b2bd0dbcba0acfb9d3a611d8926]
~> TaskHandler[id: 18; name: EVAL:MFE_CIRCULAR (McClain_PlasmidGPT_RL_ATG); status: RUNNING; exit: -; error: -; workDir: /home/ubuntu/plasmid_llm_analysis/work/f2/8d88fe3a84c9528322771a24cf9d7d]
~> TaskHandler[id: 24; name: EVAL:MFE_CIRCULAR (UCL_CSSB_PlasmidGPT_GFP_cassette); status: RUNNING; exit: -; error: -; workDir: /home/ubuntu/plasmid_llm_analysis/work/59/b98173e78f98b535b74769479ac3ca]
Jan-10 00:20:34.001 [SIGTERM handler] DEBUG nextflow.Session - Session aborted -- Cause: SIGTERM
Jan-10 00:20:34.001 [SIGTERM handler] DEBUG nextflow.Session - Session aborted -- Cause: SIGTERM
Jan-10 00:20:34.027 [SIGTERM handler] WARN  n.processor.TaskPollingMonitor - Killing running tasks (3)
Jan-10 00:20:34.031 [SIGTERM handler] INFO  nextflow.Nextflow - 
    ───────────────────────────────────────────────────────────────
    Pipeline completed!

    Status    : FAILED
    Duration  : 14m 57s
    Output    : ./results
    ───────────────────────────────────────────────────────────────
    
Jan-10 00:20:34.038 [SIGTERM handler] DEBUG n.trace.WorkflowStatsObserver - Workflow completed > WorkflowStats[succeededCount=38; failedCount=0; ignoredCount=0; cachedCount=0; pendingCount=0; submittedCount=0; runningCount=3; retriesCount=0; abortedCount=0; succeedDuration=16m 46s; failedDuration=0ms; cachedDuration=0ms;loadCpus=6; loadMemory=12 GB; peakRunning=7; peakCpus=20; peakMemory=56 GB; ]
Jan-10 00:20:34.056 [SIGTERM handler] DEBUG n.trace.WorkflowStatsObserver - Workflow completed > WorkflowStats[succeededCount=38; failedCount=0; ignoredCount=0; cachedCount=0; pendingCount=0; submittedCount=0; runningCount=0; retriesCount=0; abortedCount=3; succeedDuration=16m 46s; failedDuration=0ms; cachedDuration=0ms;loadCpus=0; loadMemory=0; peakRunning=7; peakCpus=20; peakMemory=56 GB; ]
Jan-10 00:20:34.056 [SIGTERM handler] DEBUG nextflow.Session - Cannot invoke "nextflow.dag.MermaidRenderer$Node.getInputs()" because "target" is null
java.lang.NullPointerException: Cannot invoke "nextflow.dag.MermaidRenderer$Node.getInputs()" because "target" is null
	at nextflow.dag.MermaidRenderer.getNodeLookup(MermaidRenderer.groovy:136)
	at nextflow.dag.MermaidRenderer.renderNetwork(MermaidRenderer.groovy:65)
	at nextflow.dag.MermaidHtmlRenderer.renderDocument(MermaidHtmlRenderer.groovy:42)
	at nextflow.trace.GraphObserver.onFlowComplete(GraphObserver.groovy:88)
	at nextflow.Session$_notifyFlowComplete_lambda39.doCall(Session.groovy:1121)
	at nextflow.Session.notifyEvent(Session.groovy:1151)
	at nextflow.Session.notifyFlowComplete(Session.groovy:1121)
	at nextflow.Session.shutdown0(Session.groovy:779)
	at nextflow.Session.abort(Session.groovy:834)
	at nextflow.Session$_registerSignalHandlers_closure12.doCall(Session.groovy:527)
	at java.base/jdk.internal.reflect.DirectMethodHandleAccessor.invoke(DirectMethodHandleAccessor.java:103)
	at java.base/java.lang.reflect.Method.invoke(Method.java:580)
	at org.codehaus.groovy.reflection.CachedMethod.invoke(CachedMethod.java:343)
	at groovy.lang.MetaMethod.doMethodInvoke(MetaMethod.java:328)
	at org.codehaus.groovy.runtime.metaclass.ClosureMetaClass.invokeMethod(ClosureMetaClass.java:280)
	at groovy.lang.MetaClassImpl.invokeMethod(MetaClassImpl.java:1007)
	at groovy.lang.Closure.call(Closure.java:433)
	at org.codehaus.groovy.runtime.ConvertedClosure.invokeCustom(ConvertedClosure.java:52)
	at org.codehaus.groovy.runtime.ConversionHandler.invoke(ConversionHandler.java:113)
	at jdk.proxy1/jdk.proxy1.$Proxy30.handle(Unknown Source)
	at jdk.unsupported/sun.misc.Signal$InternalMiscHandler.handle(Signal.java:198)
	at java.base/jdk.internal.misc.Signal$1.run(Signal.java:218)
	at java.base/java.lang.Thread.run(Thread.java:1583)
Jan-10 00:20:34.057 [SIGTERM handler] DEBUG nextflow.trace.ReportObserver - Workflow completed -- rendering execution report
Jan-10 00:20:34.060 [SIGTERM handler] DEBUG nextflow.Session - Cannot invoke "nextflow.dag.MermaidRenderer$Node.getInputs()" because "target" is null
java.lang.NullPointerException: Cannot invoke "nextflow.dag.MermaidRenderer$Node.getInputs()" because "target" is null
	at nextflow.dag.MermaidRenderer.getNodeLookup(MermaidRenderer.groovy:136)
	at nextflow.dag.MermaidRenderer.renderNetwork(MermaidRenderer.groovy:65)
	at nextflow.dag.MermaidHtmlRenderer.renderDocument(MermaidHtmlRenderer.groovy:42)
	at nextflow.trace.GraphObserver.onFlowComplete(GraphObserver.groovy:88)
	at nextflow.Session$_notifyFlowComplete_lambda39.doCall(Session.groovy:1121)
	at nextflow.Session.notifyEvent(Session.groovy:1151)
	at nextflow.Session.notifyFlowComplete(Session.groovy:1121)
	at nextflow.Session.shutdown0(Session.groovy:779)
	at nextflow.Session.abort(Session.groovy:834)
	at nextflow.Session$_registerSignalHandlers_closure12.doCall(Session.groovy:527)
	at java.base/jdk.internal.reflect.DirectMethodHandleAccessor.invoke(DirectMethodHandleAccessor.java:103)
	at java.base/java.lang.reflect.Method.invoke(Method.java:580)
	at org.codehaus.groovy.reflection.CachedMethod.invoke(CachedMethod.java:343)
	at groovy.lang.MetaMethod.doMethodInvoke(MetaMethod.java:328)
	at org.codehaus.groovy.runtime.metaclass.ClosureMetaClass.invokeMethod(ClosureMetaClass.java:280)
	at groovy.lang.MetaClassImpl.invokeMethod(MetaClassImpl.java:1007)
	at groovy.lang.Closure.call(Closure.java:433)
	at org.codehaus.groovy.runtime.ConvertedClosure.invokeCustom(ConvertedClosure.java:52)
	at org.codehaus.groovy.runtime.ConversionHandler.invoke(ConversionHandler.java:113)
	at jdk.proxy1/jdk.proxy1.$Proxy30.handle(Unknown Source)
	at jdk.unsupported/sun.misc.Signal$InternalMiscHandler.handle(Signal.java:198)
	at java.base/jdk.internal.misc.Signal$1.run(Signal.java:218)
	at java.base/java.lang.Thread.run(Thread.java:1583)
Jan-10 00:20:34.061 [SIGTERM handler] DEBUG nextflow.trace.ReportObserver - Workflow completed -- rendering execution report
Jan-10 00:20:34.070 [Task monitor] DEBUG n.processor.TaskPollingMonitor - <<< barrier arrives (monitor: local) - terminating tasks monitor poll loop
Jan-10 00:20:34.716 [SIGTERM handler] DEBUG nextflow.trace.TimelineObserver - Workflow completed -- rendering execution timeline
Jan-10 00:20:34.842 [SIGTERM handler] DEBUG nextflow.trace.TraceFileObserver - Workflow completed -- saving trace file
Jan-10 00:20:34.850 [SIGTERM handler] ERROR nextflow.Nextflow - 
    Pipeline failed!

    Error: SIGTERM
    
Jan-10 00:20:34.851 [SIGTERM handler] WARN  nextflow.trace.ReportObserver - Failed to render execution report -- see the log file for details
nextflow.exception.AbortOperationException: Report file already exists: ./results/pipeline_info/report_2026-01-10_00-05-36.html -- enable the 'report.overwrite' option in your config file to overwrite existing files
	at nextflow.trace.TraceHelper.newFileWriter(TraceHelper.groovy:67)
	at nextflow.trace.ReportObserver.renderHtml(ReportObserver.groovy:243)
	at nextflow.trace.ReportObserver.onFlowComplete(ReportObserver.groovy:129)
	at nextflow.Session$_notifyFlowComplete_lambda39.doCall(Session.groovy:1121)
	at nextflow.Session.notifyEvent(Session.groovy:1151)
	at nextflow.Session.notifyFlowComplete(Session.groovy:1121)
	at nextflow.Session.shutdown0(Session.groovy:779)
	at nextflow.Session.abort(Session.groovy:834)
	at nextflow.Session$_registerSignalHandlers_closure12.doCall(Session.groovy:527)
	at java.base/jdk.internal.reflect.DirectMethodHandleAccessor.invoke(DirectMethodHandleAccessor.java:103)
	at java.base/java.lang.reflect.Method.invoke(Method.java:580)
	at org.codehaus.groovy.reflection.CachedMethod.invoke(CachedMethod.java:343)
	at groovy.lang.MetaMethod.doMethodInvoke(MetaMethod.java:328)
	at org.codehaus.groovy.runtime.metaclass.ClosureMetaClass.invokeMethod(ClosureMetaClass.java:280)
	at groovy.lang.MetaClassImpl.invokeMethod(MetaClassImpl.java:1007)
	at groovy.lang.Closure.call(Closure.java:433)
	at org.codehaus.groovy.runtime.ConvertedClosure.invokeCustom(ConvertedClosure.java:52)
	at org.codehaus.groovy.runtime.ConversionHandler.invoke(ConversionHandler.java:113)
	at jdk.proxy1/jdk.proxy1.$Proxy30.handle(Unknown Source)
	at jdk.unsupported/sun.misc.Signal$InternalMiscHandler.handle(Signal.java:198)
	at java.base/jdk.internal.misc.Signal$1.run(Signal.java:218)
	at java.base/java.lang.Thread.run(Thread.java:1583)
Caused by: java.nio.file.FileAlreadyExistsException: ./results/pipeline_info/report_2026-01-10_00-05-36.html
	at java.base/sun.nio.fs.UnixException.translateToIOException(UnixException.java:94)
	at java.base/sun.nio.fs.UnixException.rethrowAsIOException(UnixException.java:106)
	at java.base/sun.nio.fs.UnixException.rethrowAsIOException(UnixException.java:111)
	at java.base/sun.nio.fs.UnixFileSystemProvider.newByteChannel(UnixFileSystemProvider.java:261)
	at java.base/java.nio.file.spi.FileSystemProvider.newOutputStream(FileSystemProvider.java:482)
	at java.base/java.nio.file.Files.newOutputStream(Files.java:228)
	at java.base/java.nio.file.Files.newBufferedWriter(Files.java:3001)
	at nextflow.trace.TraceHelper.newFileWriter(TraceHelper.groovy:64)
	... 21 common frames omitted
Jan-10 00:20:34.851 [SIGTERM handler] DEBUG nextflow.trace.TimelineObserver - Workflow completed -- rendering execution timeline
Jan-10 00:20:34.853 [main] DEBUG nextflow.Session - Session await > all processes finished
Jan-10 00:20:34.853 [main] DEBUG nextflow.Session - Session await > all barriers passed
Jan-10 00:20:34.859 [main] DEBUG n.trace.WorkflowStatsObserver - Workflow completed > WorkflowStats[succeededCount=38; failedCount=0; ignoredCount=0; cachedCount=0; pendingCount=0; submittedCount=0; runningCount=0; retriesCount=0; abortedCount=3; succeedDuration=16m 46s; failedDuration=0ms; cachedDuration=0ms;loadCpus=0; loadMemory=0; peakRunning=7; peakCpus=20; peakMemory=56 GB; ]
Jan-10 00:20:34.864 [main] DEBUG nextflow.Session - Cannot invoke "nextflow.dag.MermaidRenderer$Node.getInputs()" because "target" is null
java.lang.NullPointerException: Cannot invoke "nextflow.dag.MermaidRenderer$Node.getInputs()" because "target" is null
	at nextflow.dag.MermaidRenderer.getNodeLookup(MermaidRenderer.groovy:136)
	at nextflow.dag.MermaidRenderer.renderNetwork(MermaidRenderer.groovy:65)
	at nextflow.dag.MermaidHtmlRenderer.renderDocument(MermaidHtmlRenderer.groovy:42)
	at nextflow.trace.GraphObserver.onFlowComplete(GraphObserver.groovy:88)
	at nextflow.Session$_notifyFlowComplete_lambda39.doCall(Session.groovy:1121)
	at nextflow.Session.notifyEvent(Session.groovy:1151)
	at nextflow.Session.notifyFlowComplete(Session.groovy:1121)
	at nextflow.Session.shutdown0(Session.groovy:779)
	at nextflow.Session.destroy(Session.groovy:724)
	at nextflow.script.ScriptRunner.shutdown(ScriptRunner.groovy:263)
	at nextflow.script.ScriptRunner.execute(ScriptRunner.groovy:147)
	at nextflow.cli.CmdRun.run(CmdRun.groovy:429)
	at nextflow.cli.Launcher.run(Launcher.groovy:515)
	at nextflow.cli.Launcher.main(Launcher.groovy:675)
Jan-10 00:20:34.864 [main] DEBUG nextflow.trace.ReportObserver - Workflow completed -- rendering execution report
Jan-10 00:20:34.929 [SIGTERM handler] WARN  nextflow.trace.TimelineObserver - Failed to render execution timeline -- see the log file for details
nextflow.exception.AbortOperationException: Timeline file already exists: ./results/pipeline_info/timeline_2026-01-10_00-05-36.html -- enable the 'timeline.overwrite' option in your config file to overwrite existing files
	at nextflow.trace.TraceHelper.newFileWriter(TraceHelper.groovy:67)
	at nextflow.trace.TimelineObserver.renderHtml(TimelineObserver.groovy:164)
	at nextflow.trace.TimelineObserver.onFlowComplete(TimelineObserver.groovy:91)
	at nextflow.Session$_notifyFlowComplete_lambda39.doCall(Session.groovy:1121)
	at nextflow.Session.notifyEvent(Session.groovy:1151)
	at nextflow.Session.notifyFlowComplete(Session.groovy:1121)
	at nextflow.Session.shutdown0(Session.groovy:779)
	at nextflow.Session.abort(Session.groovy:834)
	at nextflow.Session$_registerSignalHandlers_closure12.doCall(Session.groovy:527)
	at java.base/jdk.internal.reflect.DirectMethodHandleAccessor.invoke(DirectMethodHandleAccessor.java:103)
	at java.base/java.lang.reflect.Method.invoke(Method.java:580)
	at org.codehaus.groovy.reflection.CachedMethod.invoke(CachedMethod.java:343)
	at groovy.lang.MetaMethod.doMethodInvoke(MetaMethod.java:328)
	at org.codehaus.groovy.runtime.metaclass.ClosureMetaClass.invokeMethod(ClosureMetaClass.java:280)
	at groovy.lang.MetaClassImpl.invokeMethod(MetaClassImpl.java:1007)
	at groovy.lang.Closure.call(Closure.java:433)
	at org.codehaus.groovy.runtime.ConvertedClosure.invokeCustom(ConvertedClosure.java:52)
	at org.codehaus.groovy.runtime.ConversionHandler.invoke(ConversionHandler.java:113)
	at jdk.proxy1/jdk.proxy1.$Proxy30.handle(Unknown Source)
	at jdk.unsupported/sun.misc.Signal$InternalMiscHandler.handle(Signal.java:198)
	at java.base/jdk.internal.misc.Signal$1.run(Signal.java:218)
	at java.base/java.lang.Thread.run(Thread.java:1583)
Caused by: java.nio.file.FileAlreadyExistsException: ./results/pipeline_info/timeline_2026-01-10_00-05-36.html
	at java.base/sun.nio.fs.UnixException.translateToIOException(UnixException.java:94)
	at java.base/sun.nio.fs.UnixException.rethrowAsIOException(UnixException.java:106)
	at java.base/sun.nio.fs.UnixException.rethrowAsIOException(UnixException.java:111)
	at java.base/sun.nio.fs.UnixFileSystemProvider.newByteChannel(UnixFileSystemProvider.java:261)
	at java.base/java.nio.file.spi.FileSystemProvider.newOutputStream(FileSystemProvider.java:482)
	at java.base/java.nio.file.Files.newOutputStream(Files.java:228)
	at java.base/java.nio.file.Files.newBufferedWriter(Files.java:3001)
	at nextflow.trace.TraceHelper.newFileWriter(TraceHelper.groovy:64)
	... 21 common frames omitted
Jan-10 00:20:34.933 [SIGTERM handler] DEBUG nextflow.trace.TraceFileObserver - Workflow completed -- saving trace file
Jan-10 00:20:34.936 [SIGTERM handler] ERROR nextflow.Nextflow - 
    Pipeline failed!

    Error: SIGTERM
    
Jan-10 00:20:35.518 [main] WARN  nextflow.trace.ReportObserver - Failed to render execution report -- see the log file for details
nextflow.exception.AbortOperationException: Report file already exists: ./results/pipeline_info/report_2026-01-10_00-05-36.html -- enable the 'report.overwrite' option in your config file to overwrite existing files
	at nextflow.trace.TraceHelper.newFileWriter(TraceHelper.groovy:67)
	at nextflow.trace.ReportObserver.renderHtml(ReportObserver.groovy:243)
	at nextflow.trace.ReportObserver.onFlowComplete(ReportObserver.groovy:129)
	at nextflow.Session$_notifyFlowComplete_lambda39.doCall(Session.groovy:1121)
	at nextflow.Session.notifyEvent(Session.groovy:1151)
	at nextflow.Session.notifyFlowComplete(Session.groovy:1121)
	at nextflow.Session.shutdown0(Session.groovy:779)
	at nextflow.Session.destroy(Session.groovy:724)
	at nextflow.script.ScriptRunner.shutdown(ScriptRunner.groovy:263)
	at nextflow.script.ScriptRunner.execute(ScriptRunner.groovy:147)
	at nextflow.cli.CmdRun.run(CmdRun.groovy:429)
	at nextflow.cli.Launcher.run(Launcher.groovy:515)
	at nextflow.cli.Launcher.main(Launcher.groovy:675)
Caused by: java.nio.file.FileAlreadyExistsException: ./results/pipeline_info/report_2026-01-10_00-05-36.html
	at java.base/sun.nio.fs.UnixException.translateToIOException(UnixException.java:94)
	at java.base/sun.nio.fs.UnixException.rethrowAsIOException(UnixException.java:106)
	at java.base/sun.nio.fs.UnixException.rethrowAsIOException(UnixException.java:111)
	at java.base/sun.nio.fs.UnixFileSystemProvider.newByteChannel(UnixFileSystemProvider.java:261)
	at java.base/java.nio.file.spi.FileSystemProvider.newOutputStream(FileSystemProvider.java:482)
	at java.base/java.nio.file.Files.newOutputStream(Files.java:228)
	at java.base/java.nio.file.Files.newBufferedWriter(Files.java:3001)
	at nextflow.trace.TraceHelper.newFileWriter(TraceHelper.groovy:64)
	... 12 common frames omitted
Jan-10 00:20:35.518 [main] DEBUG nextflow.trace.TimelineObserver - Workflow completed -- rendering execution timeline
Jan-10 00:20:35.585 [main] WARN  nextflow.trace.TimelineObserver - Failed to render execution timeline -- see the log file for details
nextflow.exception.AbortOperationException: Timeline file already exists: ./results/pipeline_info/timeline_2026-01-10_00-05-36.html -- enable the 'timeline.overwrite' option in your config file to overwrite existing files
	at nextflow.trace.TraceHelper.newFileWriter(TraceHelper.groovy:67)
	at nextflow.trace.TimelineObserver.renderHtml(TimelineObserver.groovy:164)
	at nextflow.trace.TimelineObserver.onFlowComplete(TimelineObserver.groovy:91)
	at nextflow.Session$_notifyFlowComplete_lambda39.doCall(Session.groovy:1121)
	at nextflow.Session.notifyEvent(Session.groovy:1151)
	at nextflow.Session.notifyFlowComplete(Session.groovy:1121)
	at nextflow.Session.shutdown0(Session.groovy:779)
	at nextflow.Session.destroy(Session.groovy:724)
	at nextflow.script.ScriptRunner.shutdown(ScriptRunner.groovy:263)
	at nextflow.script.ScriptRunner.execute(ScriptRunner.groovy:147)
	at nextflow.cli.CmdRun.run(CmdRun.groovy:429)
	at nextflow.cli.Launcher.run(Launcher.groovy:515)
	at nextflow.cli.Launcher.main(Launcher.groovy:675)
Caused by: java.nio.file.FileAlreadyExistsException: ./results/pipeline_info/timeline_2026-01-10_00-05-36.html
	at java.base/sun.nio.fs.UnixException.translateToIOException(UnixException.java:94)
	at java.base/sun.nio.fs.UnixException.rethrowAsIOException(UnixException.java:106)
	at java.base/sun.nio.fs.UnixException.rethrowAsIOException(UnixException.java:111)
	at java.base/sun.nio.fs.UnixFileSystemProvider.newByteChannel(UnixFileSystemProvider.java:261)
	at java.base/java.nio.file.spi.FileSystemProvider.newOutputStream(FileSystemProvider.java:482)
	at java.base/java.nio.file.Files.newOutputStream(Files.java:228)
	at java.base/java.nio.file.Files.newBufferedWriter(Files.java:3001)
	at nextflow.trace.TraceHelper.newFileWriter(TraceHelper.groovy:64)
	... 12 common frames omitted
Jan-10 00:20:35.586 [main] DEBUG nextflow.trace.TraceFileObserver - Workflow completed -- saving trace file
Jan-10 00:20:35.597 [main] DEBUG nextflow.cache.CacheDB - Closing CacheDB done
Jan-10 00:20:35.621 [main] DEBUG nextflow.script.ScriptRunner - > Execution complete -- Goodbye
